<?xml version="1.0" encoding="UTF-8"?>
<testsuite name="ac.at.fhcampuswien.numbersInWords.NumbersInWordsConverterTest" tests="10" skipped="0" failures="0" errors="0" timestamp="2023-04-17T07:54:14" hostname="DESKTOP-HTGIESD" time="0.024">
  <properties/>
  <testcase name="should_convert_complex_millionth_number()" classname="ac.at.fhcampuswien.numbersInWords.NumbersInWordsConverterTest" time="0.015"/>
  <testcase name="should_not_convert_over_max()" classname="ac.at.fhcampuswien.numbersInWords.NumbersInWordsConverterTest" time="0.001"/>
  <testcase name="should_convert_complex_hundredth_number()" classname="ac.at.fhcampuswien.numbersInWords.NumbersInWordsConverterTest" time="0.0"/>
  <testcase name="should_convert_tenth_number()" classname="ac.at.fhcampuswien.numbersInWords.NumbersInWordsConverterTest" time="0.0"/>
  <testcase name="should_convert_complex_tenth_number()" classname="ac.at.fhcampuswien.numbersInWords.NumbersInWordsConverterTest" time="0.0"/>
  <testcase name="should_convert_one()" classname="ac.at.fhcampuswien.numbersInWords.NumbersInWordsConverterTest" time="0.0"/>
  <testcase name="should_not_convert_negative_one()" classname="ac.at.fhcampuswien.numbersInWords.NumbersInWordsConverterTest" time="0.001"/>
  <testcase name="should_convert_hundredth_number()" classname="ac.at.fhcampuswien.numbersInWords.NumbersInWordsConverterTest" time="0.001"/>
  <testcase name="should_convert_max_number()" classname="ac.at.fhcampuswien.numbersInWords.NumbersInWordsConverterTest" time="0.0"/>
  <testcase name="should_create_class()" classname="ac.at.fhcampuswien.numbersInWords.NumbersInWordsConverterTest" time="0.0"/>
  <system-out><![CDATA[]]></system-out>
  <system-err><![CDATA[]]></system-err>
</testsuite>
